
INFO [2023-11-07T05:02:27.276Z]: Tracking open event
INFO [2023-11-07T05:02:27.281Z]: Creating language service
INFO [2023-11-07T05:02:27.286Z]: Creating settings service
INFO [2023-11-07T05:02:27.287Z]: Creating workspace service
INFO [2023-11-07T05:02:27.287Z]: Creating remote AI
INFO [2023-11-07T05:02:27.287Z]: Creating feedback service
INFO [2023-11-07T05:02:27.287Z]: Creating share service
INFO [2023-11-07T05:02:27.287Z]: Creating workspace controller
INFO [2023-11-07T05:02:27.288Z]: Enabling workspace listeners
INFO [2023-11-07T05:02:27.288Z]: Creating source
INFO [2023-11-07T05:02:27.288Z]: Initializing workspace controller
INFO [2023-11-07T05:02:27.290Z]: opened
INFO [2023-11-07T05:02:27.290Z]: {}
INFO [2023-11-07T05:51:01.303Z]: Preparing to initialize extension
INFO [2023-11-07T05:51:02.307Z]: Registering flag observer
INFO [2023-11-07T05:51:02.308Z]: Navigating to loading page
INFO [2023-11-07T05:51:02.308Z]: Navigation
INFO [2023-11-07T05:51:02.308Z]: {"page":"/loading"}
INFO [2023-11-07T05:51:02.308Z]: Initializing workspace controller
INFO [2023-11-07T05:51:02.309Z]: Navigating to blank page
INFO [2023-11-07T05:51:02.309Z]: Creating URI handler
INFO [2023-11-07T05:51:02.309Z]: Getting auth service props
INFO [2023-11-07T05:51:02.311Z]: Creating auth service
INFO [2023-11-07T05:51:02.311Z]: Setting network auth service
INFO [2023-11-07T05:51:02.311Z]: Creating context store
INFO [2023-11-07T05:51:02.311Z]: Creating engine
INFO [2023-11-07T05:51:02.314Z]: Creating vector db
INFO [2023-11-07T05:51:02.314Z]: Creating sql db
INFO [2023-11-07T05:51:02.314Z]: Creating config manager
INFO [2023-11-07T05:51:02.315Z]: Get languages
INFO [2023-11-07T05:51:02.777Z]: Get Overview
INFO [2023-11-07T05:51:02.777Z]: Creating code parser
INFO [2023-11-07T05:51:02.777Z]: Creating code index
INFO [2023-11-07T05:51:02.777Z]: Creating semantic
INFO [2023-11-07T05:51:02.777Z]: Creating keyword
INFO [2023-11-07T05:51:02.777Z]: Creating file search
INFO [2023-11-07T05:51:02.777Z]: Creating graphs
INFO [2023-11-07T05:51:02.778Z]: Initialising engine
INFO [2023-11-07T05:51:02.831Z]: Creating project bot props
INFO [2023-11-07T05:51:02.831Z]: Creating plan service
INFO [2023-11-07T05:51:02.831Z]: Creating terms service
INFO [2023-11-07T05:51:02.831Z]: Creating auth controller
INFO [2023-11-07T05:51:02.831Z]: Initializing auth controller
INFO [2023-11-07T05:51:02.831Z]: Checking auth
INFO [2023-11-07T05:51:02.835Z]: Creating plan controller
INFO [2023-11-07T05:51:02.835Z]: Initializing plan controller
INFO [2023-11-07T05:51:03.635Z]: Creating status controller
INFO [2023-11-07T05:51:03.636Z]: Creating chat bot
INFO [2023-11-07T05:51:03.638Z]: Creating git service
INFO [2023-11-07T05:51:03.639Z]: Creating user context
INFO [2023-11-07T05:51:03.639Z]: Creating search controller
INFO [2023-11-07T05:51:03.639Z]: Initializing search controller
INFO [2023-11-07T05:51:03.643Z]: Creating index controller
INFO [2023-11-07T05:51:03.643Z]: Initializing index controller
INFO [2023-11-07T05:51:03.643Z]: Creating settings controller
INFO [2023-11-07T05:51:03.644Z]: Initializing settings controller
INFO [2023-11-07T05:51:03.644Z]: Creating navigation controller
INFO [2023-11-07T05:51:03.644Z]: Initializing navigation controller
INFO [2023-11-07T05:51:03.644Z]: Registering auth service with auth controller
INFO [2023-11-07T05:51:03.644Z]: Calculating navigation
INFO [2023-11-07T05:51:03.655Z]: Navigation
INFO [2023-11-07T05:51:03.655Z]: {"page":"/auth/login"}
INFO [2023-11-07T05:51:03.655Z]: Fully initialized!
INFO [2023-11-07T05:51:03.659Z]: extension_initialized
INFO [2023-11-07T05:51:03.659Z]: {"timeToInit":2353}